{"name":"mlyapi","hostname":"TalatMacPro","pid":47426,"req_id":"73b5cfd3-77f0-4275-992e-b85af8516db8","level":20,"user":{"username":"admin@mly.com","name":"admin","role":"admin"},"body":{},"url":"/clients?page=1&limit=20&clientsearch=123&partner_id=56fe2d9d4282c7e4006c2215&","msg":"request","time":"2019-06-09T06:36:14.664Z","v":0}
{"name":"mlyapi","hostname":"TalatMacPro","pid":47426,"req_id":"846a2a51-e7b9-44af-b930-9e2bcd5dc42e","level":20,"user":{"username":"admin@mly.com","name":"admin","role":"admin"},"body":{},"url":"/roles","msg":"request","time":"2019-06-09T06:36:44.145Z","v":0}
{"name":"mlyapi","hostname":"TalatMacPro","pid":47426,"req_id":"e7ccee7c-77a9-48ad-bcfb-f101d8334acd","level":20,"user":{"username":"admin@mly.com","name":"admin","role":"admin"},"body":{},"url":"/specialneed","msg":"request","time":"2019-06-09T06:36:44.155Z","v":0}
{"name":"mlyapi","hostname":"TalatMacPro","pid":47426,"req_id":"0df3e72a-45f7-4b7b-92a6-c83bb6665eed","level":20,"user":{"username":"admin@mly.com","name":"admin","role":"admin"},"body":{},"url":"/partners?&provider_id=566a9debe57b2bad2664caa7&partnertype=b2b","msg":"request","time":"2019-06-09T06:36:44.169Z","v":0}
{"name":"mlyapi","hostname":"TalatMacPro","pid":47426,"req_id":"3a090a9b-86ae-44f6-a20f-7e91501da725","level":20,"user":{"username":"admin@mly.com","name":"admin","role":"admin"},"body":{},"url":"/roles","msg":"request","time":"2019-06-09T06:36:44.347Z","v":0}
{"name":"mlyapi","hostname":"TalatMacPro","pid":47426,"req_id":"3f81db66-c8ff-498c-a369-dbc353460de2","level":20,"user":{"username":"admin@mly.com","name":"admin","role":"admin"},"body":{},"url":"/roles","msg":"request","time":"2019-06-09T06:58:54.417Z","v":0}
{"name":"mlyapi","hostname":"TalatMacPro","pid":47426,"req_id":"793d9883-4d5f-46a1-b8cb-2d9af21d52d3","level":20,"user":{"username":"admin@mly.com","name":"admin","role":"admin"},"body":{},"url":"/specialneed","msg":"request","time":"2019-06-09T06:58:54.430Z","v":0}
{"name":"mlyapi","hostname":"TalatMacPro","pid":47426,"req_id":"e84a92eb-d426-425f-97c8-c1e4d20d7269","level":20,"user":{"username":"admin@mly.com","name":"admin","role":"admin"},"body":{},"url":"/partners?&provider_id=566a9debe57b2bad2664caa7&partnertype=b2b","msg":"request","time":"2019-06-09T06:58:54.475Z","v":0}
{"name":"mlyapi","hostname":"TalatMacPro","pid":47426,"req_id":"41c72d5f-1f2e-47fd-89e2-d9ba4b8b025f","level":20,"user":{"username":"admin@mly.com","name":"admin","role":"admin"},"body":{},"url":"/roles","msg":"request","time":"2019-06-09T06:58:54.775Z","v":0}
{"name":"mlyapi","hostname":"TalatMacPro","pid":47426,"req_id":"e5a9bede-3116-4ac5-b1ed-9b23e19be1d2","level":20,"user":{"username":"admin@mly.com","name":"admin","role":"admin"},"body":{},"url":"/clients?page=1&limit=20&clientsearch=123&partner_id=56fe2d9d4282c7e4006c2215&","msg":"request","time":"2019-06-09T07:13:23.863Z","v":0}
{"name":"mlyapi","hostname":"TalatMacPro","pid":47426,"req_id":"d11a3982-d84d-457f-b5c8-5f4470311616","level":20,"user":{"username":"admin@mly.com","name":"admin","role":"admin"},"body":{},"url":"/roles","msg":"request","time":"2019-06-09T07:14:02.983Z","v":0}
{"name":"mlyapi","hostname":"TalatMacPro","pid":47426,"req_id":"409bbce6-f451-43d2-9389-64a6ca1a0f8a","level":20,"user":{"username":"admin@mly.com","name":"admin","role":"admin"},"body":{},"url":"/specialneed","msg":"request","time":"2019-06-09T07:14:03.185Z","v":0}
{"name":"mlyapi","hostname":"TalatMacPro","pid":47426,"req_id":"bca92e1c-285d-4b8e-b051-262c71120fde","level":20,"user":{"username":"admin@mly.com","name":"admin","role":"admin"},"body":{},"url":"/partners?&provider_id=566a9debe57b2bad2664caa7&partnertype=b2b","msg":"request","time":"2019-06-09T07:14:03.185Z","v":0}
{"name":"mlyapi","hostname":"TalatMacPro","pid":47426,"req_id":"6025ec7c-b88a-4213-9cb5-dcce846de8fc","level":20,"user":{"username":"admin@mly.com","name":"admin","role":"admin"},"body":{},"url":"/roles","msg":"request","time":"2019-06-09T07:14:03.245Z","v":0}
{"name":"mlyapi","hostname":"TalatMacPro","pid":47426,"req_id":"36bedfe1-9aca-433e-962a-0a53057b6441","level":20,"user":{"username":"admin@mly.com","name":"admin","role":"admin"},"body":{},"url":"/clients?page=1&limit=20&clientsearch=123&partner_id=56fe2d9d4282c7e4006c2215&","msg":"request","time":"2019-06-09T07:14:08.797Z","v":0}
{"name":"mlyapi","hostname":"TalatMacPro","pid":47426,"req_id":"6bb9596f-5130-4f04-8d44-2fc0abd5ec85","level":20,"user":{"username":"admin@mly.com","name":"admin","role":"admin"},"body":{},"url":"/roles","msg":"request","time":"2019-06-09T07:14:22.467Z","v":0}
{"name":"mlyapi","hostname":"TalatMacPro","pid":47426,"req_id":"b54c91ea-3be6-410a-b930-92a2a67b11c8","level":20,"user":{"username":"admin@mly.com","name":"admin","role":"admin"},"body":{},"url":"/specialneed","msg":"request","time":"2019-06-09T07:14:22.478Z","v":0}
{"name":"mlyapi","hostname":"TalatMacPro","pid":47426,"req_id":"96134509-c361-4999-9d46-ea4a7ad4dc5b","level":20,"user":{"username":"admin@mly.com","name":"admin","role":"admin"},"body":{},"url":"/partners?&provider_id=566a9debe57b2bad2664caa7&partnertype=b2b","msg":"request","time":"2019-06-09T07:14:22.488Z","v":0}
{"name":"mlyapi","hostname":"TalatMacPro","pid":47426,"req_id":"2578994b-5919-4c88-a0dc-4433588ea65a","level":20,"user":{"username":"admin@mly.com","name":"admin","role":"admin"},"body":{},"url":"/roles","msg":"request","time":"2019-06-09T07:14:22.604Z","v":0}
{"name":"mlyapi","hostname":"TalatMacPro","pid":47426,"req_id":"683b916e-e969-42da-9280-4b84c958837f","level":20,"user":{"username":"admin@mly.com","name":"admin","role":"admin"},"body":{},"url":"/areas?&type=MA&page=1&limit=20","msg":"request","time":"2019-06-09T07:14:32.240Z","v":0}
{"name":"mlyapi","hostname":"TalatMacPro","pid":47426,"req_id":"9bca1a48-12f9-4a16-91e5-381066bc6011","level":20,"user":{"username":"admin@mly.com","name":"admin","role":"admin"},"body":{},"url":"/cities","msg":"request","time":"2019-06-09T07:14:46.289Z","v":0}
{"name":"mlyapi","hostname":"TalatMacPro","pid":47426,"req_id":"8c844dc6-33b2-4c70-9e65-66eb0245ccea","level":20,"user":{"username":"admin@mly.com","name":"admin","role":"admin"},"body":{},"url":"/areas/5714d59c17f626e5002a7dac","msg":"request","time":"2019-06-09T07:14:46.298Z","v":0}
{"name":"mlyapi","hostname":"TalatMacPro","pid":47426,"req_id":"45d8b6e5-aa93-490c-9651-2741b9ea90c3","level":20,"user":{"username":"admin@mly.com","name":"admin","role":"admin"},"body":{},"url":"/areas/5714d59c17f626e5002a7dac","msg":"request","time":"2019-06-09T07:26:49.177Z","v":0}
{"name":"mlyapi","hostname":"TalatMacPro","pid":47426,"req_id":"ad51ea69-0207-489f-8837-24a790610750","level":20,"user":{"username":"admin@mly.com","name":"admin","role":"admin"},"body":{},"url":"/cities","msg":"request","time":"2019-06-09T07:26:49.194Z","v":0}
{"name":"mlyapi","hostname":"TalatMacPro","pid":47426,"req_id":"f8bab411-04d2-4b22-8832-6fd4aca69521","level":20,"user":{"username":"admin@mly.com","name":"admin","role":"admin"},"body":{},"url":"/roles","msg":"request","time":"2019-06-09T07:26:49.195Z","v":0}
{"name":"mlyapi","hostname":"TalatMacPro","pid":47426,"req_id":"4416505a-e0ec-49e7-97b7-0cbf22ca1c7c","level":20,"user":{"username":"admin@mly.com","name":"admin","role":"admin"},"body":{},"url":"/roles","msg":"request","time":"2019-06-09T07:26:49.414Z","v":0}
{"name":"mlyapi","hostname":"TalatMacPro","pid":47426,"req_id":"fb46b615-e123-469a-a0b0-43bfc1411a6d","level":20,"user":{"username":"admin@mly.com","name":"admin","role":"admin"},"body":{},"url":"/specialneed","msg":"request","time":"2019-06-09T07:26:49.422Z","v":0}
{"name":"mlyapi","hostname":"TalatMacPro","pid":47426,"req_id":"e3976828-897d-4bc4-a59f-ca8cf6336a06","level":20,"user":{"username":"admin@mly.com","name":"admin","role":"admin"},"body":{},"url":"/partners?&provider_id=566a9debe57b2bad2664caa7&partnertype=b2b","msg":"request","time":"2019-06-09T07:26:49.431Z","v":0}
{"name":"mlyapi","hostname":"TalatMacPro","pid":47426,"req_id":"c3023aea-4185-4419-80c3-1e5311fee0ad","level":20,"user":{"username":"admin@mly.com","name":"admin","role":"admin"},"body":{},"url":"/roles","msg":"request","time":"2019-06-09T07:26:49.578Z","v":0}
{"name":"mlyapi","hostname":"TalatMacPro","pid":47426,"req_id":"db47fd88-d6a1-4d9a-a911-21f5468af98f","level":20,"user":{"username":"admin@mly.com","name":"admin","role":"admin"},"body":{},"url":"/roles","msg":"request","time":"2019-06-09T07:26:49.731Z","v":0}
{"name":"mlyapi","hostname":"TalatMacPro","pid":47426,"req_id":"a168825c-fb54-4ed5-b9c8-e7c6865c9d72","level":20,"user":{"username":"admin@mly.com","name":"admin","role":"admin"},"body":{},"url":"/roles","msg":"request","time":"2019-06-09T07:28:01.106Z","v":0}
{"name":"mlyapi","hostname":"TalatMacPro","pid":47426,"req_id":"6ed403df-4bce-4e5b-b768-89ce2f93293f","level":20,"user":{"username":"admin@mly.com","name":"admin","role":"admin"},"body":{},"url":"/cities","msg":"request","time":"2019-06-09T07:28:01.115Z","v":0}
{"name":"mlyapi","hostname":"TalatMacPro","pid":47426,"req_id":"af32e63d-4764-4a82-a1d2-4fe50e5af5a2","level":20,"user":{"username":"admin@mly.com","name":"admin","role":"admin"},"body":{},"url":"/areas/5714d59c17f626e5002a7dac","msg":"request","time":"2019-06-09T07:28:01.126Z","v":0}
{"name":"mlyapi","hostname":"TalatMacPro","pid":47426,"req_id":"1198512c-5113-469b-bfe2-a5f721262e03","level":20,"user":{"username":"admin@mly.com","name":"admin","role":"admin"},"body":{},"url":"/roles","msg":"request","time":"2019-06-09T07:28:01.234Z","v":0}
{"name":"mlyapi","hostname":"TalatMacPro","pid":47426,"req_id":"b5657581-1e9b-4a5b-af48-d6089ccbb65e","level":20,"user":{"username":"admin@mly.com","name":"admin","role":"admin"},"body":{},"url":"/roles","msg":"request","time":"2019-06-09T07:28:02.730Z","v":0}
{"name":"mlyapi","hostname":"TalatMacPro","pid":47426,"req_id":"3f5fda9f-39b4-4895-9135-344c0a45dda2","level":20,"user":{"username":"admin@mly.com","name":"admin","role":"admin"},"body":{},"url":"/specialneed","msg":"request","time":"2019-06-09T07:28:02.754Z","v":0}
{"name":"mlyapi","hostname":"TalatMacPro","pid":47426,"req_id":"c2140fca-e1c8-473a-ba40-6ca868e418c6","level":20,"user":{"username":"admin@mly.com","name":"admin","role":"admin"},"body":{},"url":"/partners?&provider_id=566a9debe57b2bad2664caa7&partnertype=b2b","msg":"request","time":"2019-06-09T07:28:02.837Z","v":0}
{"name":"mlyapi","hostname":"TalatMacPro","pid":47426,"req_id":"38936f4f-1e1b-45da-bcee-b87f5aae80cc","level":20,"user":{"username":"admin@mly.com","name":"admin","role":"admin"},"body":{},"url":"/roles","msg":"request","time":"2019-06-09T07:28:02.861Z","v":0}
{"name":"mlyapi","hostname":"TalatMacPro","pid":47426,"req_id":"d8936219-6ce5-4df6-8464-ca1479db4a15","level":20,"user":{"username":"admin@mly.com","name":"admin","role":"admin"},"body":{},"url":"/clients?page=1&limit=20&clientsearch=123&partner_id=56fe2d9d4282c7e4006c2215&","msg":"request","time":"2019-06-09T07:28:09.709Z","v":0}
{"name":"mlyapi","hostname":"TalatMacPro","pid":47426,"req_id":"6f55ad74-c4e9-45c2-a3a7-66c6c0fa021c","level":20,"user":{"username":"admin@mly.com","name":"admin","role":"admin"},"body":{},"url":"/roles","msg":"request","time":"2019-06-09T07:29:07.276Z","v":0}
{"name":"mlyapi","hostname":"TalatMacPro","pid":47426,"req_id":"0999169a-ea19-4d43-b0de-0d36f9f7ea62","level":20,"user":{"username":"admin@mly.com","name":"admin","role":"admin"},"body":{},"url":"/partners?&provider_id=566a9debe57b2bad2664caa7&partnertype=b2b","msg":"request","time":"2019-06-09T07:29:07.291Z","v":0}
{"name":"mlyapi","hostname":"TalatMacPro","pid":47426,"req_id":"74760dc4-27ca-4711-bf77-f67082103105","level":20,"user":{"username":"admin@mly.com","name":"admin","role":"admin"},"body":{},"url":"/specialneed","msg":"request","time":"2019-06-09T07:29:07.291Z","v":0}
{"name":"mlyapi","hostname":"TalatMacPro","pid":47426,"req_id":"39d1992c-6996-4567-a636-5498f557c1f2","level":20,"user":{"username":"admin@mly.com","name":"admin","role":"admin"},"body":{},"url":"/roles","msg":"request","time":"2019-06-09T07:29:07.455Z","v":0}
{"name":"mlyapi","hostname":"TalatMacPro","pid":47426,"req_id":"4947501a-0286-4c32-978e-45eaff4ea0a7","level":20,"user":{"username":"admin@mly.com","name":"admin","role":"admin"},"body":{},"url":"/roles","msg":"request","time":"2019-06-09T07:29:09.085Z","v":0}
{"name":"mlyapi","hostname":"TalatMacPro","pid":47426,"req_id":"a2c45bb8-6d17-4ef3-9741-0cdb77032b5d","level":20,"user":{"username":"admin@mly.com","name":"admin","role":"admin"},"body":{},"url":"/cities","msg":"request","time":"2019-06-09T07:29:09.103Z","v":0}
{"name":"mlyapi","hostname":"TalatMacPro","pid":47426,"req_id":"86094b02-5ed7-486d-b4d7-731a853b3eea","level":20,"user":{"username":"admin@mly.com","name":"admin","role":"admin"},"body":{},"url":"/areas/5714d59c17f626e5002a7dac","msg":"request","time":"2019-06-09T07:29:09.103Z","v":0}
{"name":"mlyapi","hostname":"TalatMacPro","pid":47426,"req_id":"993c7804-64e8-43cd-9365-a7285b2b2d08","level":20,"user":{"username":"admin@mly.com","name":"admin","role":"admin"},"body":{},"url":"/roles","msg":"request","time":"2019-06-09T07:29:09.199Z","v":0}
{"name":"mlyapi","hostname":"TalatMacPro","pid":47426,"req_id":"3e991ce1-1baa-44a4-bcd3-07feab6ec097","level":20,"user":{"username":"admin@mly.com","name":"admin","role":"admin"},"body":{},"url":"/clients?page=1&limit=20&clientsearch=123&partner_id=56fe2d9d4282c7e4006c2215&","msg":"request","time":"2019-06-09T07:29:18.258Z","v":0}
{"name":"mlyapi","hostname":"TalatMacPro","pid":47426,"req_id":"67186670-3abf-46ec-b53e-71277eb94849","level":20,"user":{"username":"admin@mly.com","name":"admin","role":"admin"},"body":{},"url":"/clients?page=1&limit=20&clientsearch=12345&partner_id=56fe2d9d4282c7e4006c2215&","msg":"request","time":"2019-06-09T07:29:20.524Z","v":0}
{"name":"mlyapi","hostname":"TalatMacPro","pid":47426,"req_id":"7a561eee-01d7-4fef-b3de-a981edd38b4a","level":20,"user":{"username":"admin@mly.com","name":"admin","role":"admin"},"body":{},"url":"/roles","msg":"request","time":"2019-06-09T07:30:17.077Z","v":0}
{"name":"mlyapi","hostname":"TalatMacPro","pid":47426,"req_id":"eec5c71f-71ab-4f45-bc38-2c4407cbc993","level":20,"user":{"username":"admin@mly.com","name":"admin","role":"admin"},"body":{},"url":"/specialneed","msg":"request","time":"2019-06-09T07:30:17.113Z","v":0}
{"name":"mlyapi","hostname":"TalatMacPro","pid":47426,"req_id":"20dead3d-1e26-488a-8f90-2053a1b4236b","level":20,"user":{"username":"admin@mly.com","name":"admin","role":"admin"},"body":{},"url":"/partners?&provider_id=566a9debe57b2bad2664caa7&partnertype=b2b","msg":"request","time":"2019-06-09T07:30:17.114Z","v":0}
{"name":"mlyapi","hostname":"TalatMacPro","pid":47426,"req_id":"470dae4e-e993-43bd-b1e0-f01abc28e53e","level":20,"user":{"username":"admin@mly.com","name":"admin","role":"admin"},"body":{},"url":"/roles","msg":"request","time":"2019-06-09T07:30:17.222Z","v":0}
{"name":"mlyapi","hostname":"TalatMacPro","pid":47426,"req_id":"992da43c-7fab-4a02-854b-2820ed045166","level":20,"user":{"username":"admin@mly.com","name":"admin","role":"admin"},"body":{},"url":"/roles","msg":"request","time":"2019-06-09T07:30:19.083Z","v":0}
{"name":"mlyapi","hostname":"TalatMacPro","pid":47426,"req_id":"82fdf4b9-ba62-4185-91e5-40becb7fc007","level":20,"user":{"username":"admin@mly.com","name":"admin","role":"admin"},"body":{},"url":"/areas/5714d59c17f626e5002a7dac","msg":"request","time":"2019-06-09T07:30:19.089Z","v":0}
{"name":"mlyapi","hostname":"TalatMacPro","pid":47426,"req_id":"42501a89-cb2b-40ba-a55c-b6c15f4c0fd7","level":20,"user":{"username":"admin@mly.com","name":"admin","role":"admin"},"body":{},"url":"/cities","msg":"request","time":"2019-06-09T07:30:19.099Z","v":0}
{"name":"mlyapi","hostname":"TalatMacPro","pid":47426,"req_id":"fdd2052a-32c7-410b-9213-ca350faf96b8","level":20,"user":{"username":"admin@mly.com","name":"admin","role":"admin"},"body":{},"url":"/roles","msg":"request","time":"2019-06-09T07:30:19.178Z","v":0}
{"name":"mlyapi","hostname":"TalatMacPro","pid":47426,"req_id":"bb7693ac-a760-4fec-b484-de0bed57d2dc","level":20,"user":{"username":"admin@mly.com","name":"admin","role":"admin"},"body":{},"url":"/clients?page=1&limit=20&clientsearch=123&partner_id=56fe2d9d4282c7e4006c2215&","msg":"request","time":"2019-06-09T07:30:25.385Z","v":0}
{"name":"mlyapi","hostname":"TalatMacPro","pid":47426,"req_id":"366a0d94-a15f-4323-86f2-4fbbb23a3bfc","level":20,"user":{"username":"admin@mly.com","name":"admin","role":"admin"},"body":{},"url":"/roles","msg":"request","time":"2019-06-09T07:39:33.744Z","v":0}
{"name":"mlyapi","hostname":"TalatMacPro","pid":47426,"req_id":"890963e7-ad66-49e8-a94c-1ea89402fd66","level":20,"user":{"username":"admin@mly.com","name":"admin","role":"admin"},"body":{},"url":"/partners?&provider_id=566a9debe57b2bad2664caa7&partnertype=b2b","msg":"request","time":"2019-06-09T07:39:33.767Z","v":0}
{"name":"mlyapi","hostname":"TalatMacPro","pid":47426,"req_id":"ceb835f6-11f6-4365-8ca1-dd22759fc70a","level":20,"user":{"username":"admin@mly.com","name":"admin","role":"admin"},"body":{},"url":"/specialneed","msg":"request","time":"2019-06-09T07:39:33.768Z","v":0}
{"name":"mlyapi","hostname":"TalatMacPro","pid":47426,"req_id":"fb7f0e5d-110b-4b0c-80d4-13aea88a5b2f","level":20,"user":{"username":"admin@mly.com","name":"admin","role":"admin"},"body":{},"url":"/roles","msg":"request","time":"2019-06-09T07:39:33.906Z","v":0}
{"name":"mlyapi","hostname":"TalatMacPro","pid":47426,"req_id":"b91355d3-3c81-479a-882d-78ff138ccd30","level":20,"user":{"username":"admin@mly.com","name":"admin","role":"admin"},"body":{},"url":"/roles","msg":"request","time":"2019-06-09T07:39:35.826Z","v":0}
{"name":"mlyapi","hostname":"TalatMacPro","pid":47426,"req_id":"e0a2b9af-3c50-4737-b1e7-b607f36de40d","level":20,"user":{"username":"admin@mly.com","name":"admin","role":"admin"},"body":{},"url":"/areas/5714d59c17f626e5002a7dac","msg":"request","time":"2019-06-09T07:39:35.853Z","v":0}
{"name":"mlyapi","hostname":"TalatMacPro","pid":47426,"req_id":"ebfeb910-4aaa-4374-8051-96a05b6688fe","level":20,"user":{"username":"admin@mly.com","name":"admin","role":"admin"},"body":{},"url":"/cities","msg":"request","time":"2019-06-09T07:39:35.854Z","v":0}
{"name":"mlyapi","hostname":"TalatMacPro","pid":47426,"req_id":"85af0099-f697-480d-b29c-ffd4dfabb99f","level":20,"user":{"username":"admin@mly.com","name":"admin","role":"admin"},"body":{},"url":"/roles","msg":"request","time":"2019-06-09T07:39:35.921Z","v":0}
{"name":"mlyapi","hostname":"TalatMacPro","pid":47426,"req_id":"f0831d14-3c6e-4c1b-b968-28cf311ca5d7","level":20,"user":{"username":"admin@mly.com","name":"admin","role":"admin"},"body":{},"url":"/specialneed","msg":"request","time":"2019-06-09T07:40:04.219Z","v":0}
{"name":"mlyapi","hostname":"TalatMacPro","pid":47426,"req_id":"012d8a86-3965-411a-8f2d-8ab64327727a","level":20,"user":{"username":"admin@mly.com","name":"admin","role":"admin"},"body":{},"url":"/roles","msg":"request","time":"2019-06-09T07:40:04.226Z","v":0}
{"name":"mlyapi","hostname":"TalatMacPro","pid":47426,"req_id":"45517203-43eb-4915-9f12-b1974ba95a20","level":20,"user":{"username":"admin@mly.com","name":"admin","role":"admin"},"body":{},"url":"/partners?&provider_id=566a9debe57b2bad2664caa7&partnertype=b2b","msg":"request","time":"2019-06-09T07:40:04.236Z","v":0}
{"name":"mlyapi","hostname":"TalatMacPro","pid":47426,"req_id":"d822368e-d8df-4327-94ee-01680e62064e","level":20,"user":{"username":"admin@mly.com","name":"admin","role":"admin"},"body":{},"url":"/roles","msg":"request","time":"2019-06-09T07:40:04.350Z","v":0}
{"name":"mlyapi","hostname":"TalatMacPro","pid":47426,"req_id":"80df0c8f-7aa2-4147-b7a6-72ee035c769c","level":20,"user":{"username":"admin@mly.com","name":"admin","role":"admin"},"body":{},"url":"/roles","msg":"request","time":"2019-06-09T07:40:05.835Z","v":0}
{"name":"mlyapi","hostname":"TalatMacPro","pid":47426,"req_id":"284309d2-b65f-4158-9706-b6eeaa795adb","level":20,"user":{"username":"admin@mly.com","name":"admin","role":"admin"},"body":{},"url":"/areas/5714d59c17f626e5002a7dac","msg":"request","time":"2019-06-09T07:40:05.872Z","v":0}
{"name":"mlyapi","hostname":"TalatMacPro","pid":47426,"req_id":"ef58e947-d5e1-461d-a8ed-ac571c152e2d","level":20,"user":{"username":"admin@mly.com","name":"admin","role":"admin"},"body":{},"url":"/cities","msg":"request","time":"2019-06-09T07:40:05.877Z","v":0}
{"name":"mlyapi","hostname":"TalatMacPro","pid":47426,"req_id":"73f07606-a977-416b-a359-bacf39daea05","level":20,"user":{"username":"admin@mly.com","name":"admin","role":"admin"},"body":{},"url":"/roles","msg":"request","time":"2019-06-09T07:40:05.943Z","v":0}
{"name":"mlyapi","hostname":"TalatMacPro","pid":47426,"req_id":"2b612799-9a01-4041-be17-724546f8a740","level":20,"user":{"username":"admin@mly.com","name":"admin","role":"admin"},"body":{},"url":"/roles","msg":"request","time":"2019-06-09T07:40:36.829Z","v":0}
{"name":"mlyapi","hostname":"TalatMacPro","pid":47426,"req_id":"646a7d86-1638-4e17-a39e-4390377d44dc","level":20,"user":{"username":"admin@mly.com","name":"admin","role":"admin"},"body":{},"url":"/partners?","msg":"request","time":"2019-06-09T07:40:36.834Z","v":0}
{"name":"mlyapi","hostname":"TalatMacPro","pid":47426,"req_id":"8a80be0c-a577-401e-858f-023d36f266cd","level":20,"user":{"username":"admin@mly.com","name":"admin","role":"admin"},"body":{},"url":"/roles","msg":"request","time":"2019-06-09T07:40:36.971Z","v":0}
{"name":"mlyapi","hostname":"TalatMacPro","pid":47426,"req_id":"b46f6e24-71eb-4267-bf4b-682f02825802","level":20,"user":{"username":"admin@mly.com","name":"admin","role":"admin"},"body":{},"url":"/getordercount?&fromdate=2019-06-08T20:00:00.000Z","msg":"request","time":"2019-06-09T07:40:37.166Z","v":0}
{"name":"mlyapi","hostname":"TalatMacPro","pid":47426,"req_id":"04db9ef6-247a-4a90-94f5-72ce339511c9","level":20,"user":{"username":"admin@mly.com","name":"admin","role":"admin"},"body":{},"url":"/partners?","msg":"request","time":"2019-06-09T07:40:37.821Z","v":0}
{"name":"mlyapi","hostname":"TalatMacPro","pid":47426,"req_id":"84fc43d4-9a70-4c78-bb36-1eff6739d602","level":20,"user":{"username":"admin@mly.com","name":"admin","role":"admin"},"body":{},"url":"/roles","msg":"request","time":"2019-06-09T07:40:37.827Z","v":0}
{"name":"mlyapi","hostname":"TalatMacPro","pid":47426,"req_id":"9311ac6a-2fda-43a8-b347-89bcfaf95bb8","level":20,"user":{"username":"admin@mly.com","name":"admin","role":"admin"},"body":{},"url":"/getordercount?&fromdate=2019-06-08T20:00:00.000Z","msg":"request","time":"2019-06-09T07:40:37.922Z","v":0}
{"name":"mlyapi","hostname":"TalatMacPro","pid":47426,"req_id":"6c937386-3cee-4356-9a56-276bb033c2d3","level":20,"user":{"username":"admin@mly.com","name":"admin","role":"admin"},"body":{},"url":"/roles","msg":"request","time":"2019-06-09T07:40:37.926Z","v":0}
{"name":"mlyapi","hostname":"TalatMacPro","pid":47426,"req_id":"c70e72a9-c0d7-4e72-8717-1f7bb7becffc","level":20,"user":{"username":"admin@mly.com","name":"admin","role":"admin"},"body":{},"url":"/partners?","msg":"request","time":"2019-06-09T07:40:59.177Z","v":0}
{"name":"mlyapi","hostname":"TalatMacPro","pid":47426,"req_id":"d25e2f2f-7d0e-43e4-a958-1c283b611d8c","level":20,"user":{"username":"admin@mly.com","name":"admin","role":"admin"},"body":{},"url":"/roles","msg":"request","time":"2019-06-09T07:40:59.182Z","v":0}
{"name":"mlyapi","hostname":"TalatMacPro","pid":47426,"req_id":"b88d8e05-d1e2-470a-ab62-e455f8f32405","level":20,"user":{"username":"admin@mly.com","name":"admin","role":"admin"},"body":{},"url":"/roles","msg":"request","time":"2019-06-09T07:40:59.315Z","v":0}
{"name":"mlyapi","hostname":"TalatMacPro","pid":47426,"req_id":"067ff9ca-d316-45b1-8c79-b082dcd59dcb","level":20,"user":{"username":"admin@mly.com","name":"admin","role":"admin"},"body":{},"url":"/getordercount?&fromdate=2019-06-08T20:00:00.000Z","msg":"request","time":"2019-06-09T07:40:59.501Z","v":0}
{"name":"mlyapi","hostname":"TalatMacPro","pid":47426,"req_id":"21c39439-c136-47b0-a377-759b067c49f6","level":20,"user":{"username":"admin@mly.com","name":"admin","role":"admin"},"body":{},"url":"/roles","msg":"request","time":"2019-06-09T07:41:00.838Z","v":0}
{"name":"mlyapi","hostname":"TalatMacPro","pid":47426,"req_id":"ae2bc45f-2807-4ac3-ba0c-26de7a4643ee","level":20,"user":{"username":"admin@mly.com","name":"admin","role":"admin"},"body":{},"url":"/partners?","msg":"request","time":"2019-06-09T07:41:00.844Z","v":0}
{"name":"mlyapi","hostname":"TalatMacPro","pid":47426,"req_id":"48017944-57df-4f7c-b5d6-fa743d2be892","level":20,"user":{"username":"admin@mly.com","name":"admin","role":"admin"},"body":{},"url":"/roles","msg":"request","time":"2019-06-09T07:41:00.938Z","v":0}
{"name":"mlyapi","hostname":"TalatMacPro","pid":47426,"req_id":"d3545075-bc44-4819-a6e9-4f90df4932c7","level":20,"user":{"username":"admin@mly.com","name":"admin","role":"admin"},"body":{},"url":"/getordercount?&fromdate=2019-06-08T20:00:00.000Z","msg":"request","time":"2019-06-09T07:41:01.015Z","v":0}
{"name":"mlyapi","hostname":"TalatMacPro","pid":47426,"req_id":"15190aaa-9478-4b27-85e9-a7eababffb17","level":20,"user":{"username":"admin@mly.com","name":"admin","role":"admin"},"body":{},"url":"/partners?&provider_id=566a9debe57b2bad2664caa7&partnertype=b2b","msg":"request","time":"2019-06-09T07:41:01.770Z","v":0}
{"name":"mlyapi","hostname":"TalatMacPro","pid":47426,"req_id":"09b6035a-451c-42ef-8cc7-0091f37a5499","level":20,"user":{"username":"admin@mly.com","name":"admin","role":"admin"},"body":{},"url":"/specialneed","msg":"request","time":"2019-06-09T07:41:01.784Z","v":0}
{"name":"mlyapi","hostname":"TalatMacPro","pid":47426,"req_id":"06adfa09-e263-4cf5-a52a-45e8227f9404","level":20,"user":{"username":"admin@mly.com","name":"admin","role":"admin"},"body":{},"url":"/clients?page=1&limit=20&clientsearch=123&partner_id=56fe2d9d4282c7e4006c2215&","msg":"request","time":"2019-06-09T07:41:07.669Z","v":0}
{"name":"mlyapi","hostname":"TalatMacPro","pid":47426,"req_id":"6cf10306-9a84-4231-adc6-8a51d9e54d82","level":20,"user":{"username":"admin@mly.com","name":"admin","role":"admin"},"body":{},"url":"/roles","msg":"request","time":"2019-06-09T07:41:34.959Z","v":0}
{"name":"mlyapi","hostname":"TalatMacPro","pid":47426,"req_id":"9dd3560f-11f8-4a83-ace2-638651519a8b","level":20,"user":{"username":"admin@mly.com","name":"admin","role":"admin"},"body":{},"url":"/specialneed","msg":"request","time":"2019-06-09T07:41:34.978Z","v":0}
{"name":"mlyapi","hostname":"TalatMacPro","pid":47426,"req_id":"e49d3a88-af05-47c1-9a63-544b92829949","level":20,"user":{"username":"admin@mly.com","name":"admin","role":"admin"},"body":{},"url":"/partners?&provider_id=566a9debe57b2bad2664caa7&partnertype=b2b","msg":"request","time":"2019-06-09T07:41:34.996Z","v":0}
{"name":"mlyapi","hostname":"TalatMacPro","pid":47426,"req_id":"7aa77dd1-a14e-43c4-83f8-650d846d0ed4","level":20,"user":{"username":"admin@mly.com","name":"admin","role":"admin"},"body":{},"url":"/roles","msg":"request","time":"2019-06-09T07:41:35.102Z","v":0}
{"name":"mlyapi","hostname":"TalatMacPro","pid":47426,"req_id":"e437abad-99b2-4012-b497-69abd2a39cf1","level":20,"user":{"username":"admin@mly.com","name":"admin","role":"admin"},"body":{},"url":"/roles","msg":"request","time":"2019-06-09T07:41:36.856Z","v":0}
{"name":"mlyapi","hostname":"TalatMacPro","pid":47426,"req_id":"a4c43e97-8002-4c43-9046-65058fe3e1a3","level":20,"user":{"username":"admin@mly.com","name":"admin","role":"admin"},"body":{},"url":"/partners?","msg":"request","time":"2019-06-09T07:41:36.869Z","v":0}
{"name":"mlyapi","hostname":"TalatMacPro","pid":47426,"req_id":"609e68f9-d2dd-43b9-a94b-c7fee729f876","level":20,"user":{"username":"admin@mly.com","name":"admin","role":"admin"},"body":{},"url":"/roles","msg":"request","time":"2019-06-09T07:41:36.960Z","v":0}
{"name":"mlyapi","hostname":"TalatMacPro","pid":47426,"req_id":"c4405d15-a334-4543-92f4-6273a27b7710","level":20,"user":{"username":"admin@mly.com","name":"admin","role":"admin"},"body":{},"url":"/getordercount?&fromdate=2019-06-08T20:00:00.000Z","msg":"request","time":"2019-06-09T07:41:37.032Z","v":0}
{"name":"mlyapi","hostname":"TalatMacPro","pid":47426,"req_id":"5230d9e1-894a-420e-80c2-9b1a8c6ae087","level":20,"user":{"username":"admin@mly.com","name":"admin","role":"admin"},"body":{},"url":"/clients?page=1&limit=20&clientsearch=123&partner_id=56fe2d9d4282c7e4006c2215&","msg":"request","time":"2019-06-09T07:41:41.532Z","v":0}
{"name":"mlyapi","hostname":"TalatMacPro","pid":47426,"req_id":"62b287d7-f4bc-4e0a-93b4-e2b843b409dd","level":20,"user":{"username":"admin@mly.com","name":"admin","role":"admin"},"body":{},"url":"/clients?page=1&limit=20&clientsearch=123&partner_id=56fe2d9d4282c7e4006c2215&","msg":"request","time":"2019-06-09T07:42:40.508Z","v":0}
{"name":"mlyapi","hostname":"TalatMacPro","pid":47426,"req_id":"738e6a63-c88d-47f0-8aa2-0cb8ee02db83","level":20,"user":{"username":"admin@mly.com","name":"admin","role":"admin"},"body":{},"url":"/roles","msg":"request","time":"2019-06-09T07:53:02.920Z","v":0}
{"name":"mlyapi","hostname":"TalatMacPro","pid":47426,"req_id":"f20409bd-2727-4795-b009-d9824a98c71e","level":20,"user":{"username":"admin@mly.com","name":"admin","role":"admin"},"body":{},"url":"/partners?","msg":"request","time":"2019-06-09T07:53:02.937Z","v":0}
{"name":"mlyapi","hostname":"TalatMacPro","pid":47426,"req_id":"1a89efa4-a10a-4d41-bc4f-0ef1e74a99b3","level":20,"user":{"username":"admin@mly.com","name":"admin","role":"admin"},"body":{},"url":"/roles","msg":"request","time":"2019-06-09T07:53:03.050Z","v":0}
{"name":"mlyapi","hostname":"TalatMacPro","pid":47426,"req_id":"8a13b59c-d0ce-4d82-be64-f7791a8f2a7e","level":20,"user":{"username":"admin@mly.com","name":"admin","role":"admin"},"body":{},"url":"/roles","msg":"request","time":"2019-06-09T07:53:03.255Z","v":0}
{"name":"mlyapi","hostname":"TalatMacPro","pid":47426,"req_id":"cd845528-923c-4a3b-b378-d7508b2cebad","level":20,"user":{"username":"admin@mly.com","name":"admin","role":"admin"},"body":{},"url":"/specialneed","msg":"request","time":"2019-06-09T07:53:03.291Z","v":0}
{"name":"mlyapi","hostname":"TalatMacPro","pid":47426,"req_id":"c8a7fcfc-89af-4331-8b89-d4c8dd83e435","level":20,"user":{"username":"admin@mly.com","name":"admin","role":"admin"},"body":{},"url":"/partners?&provider_id=566a9debe57b2bad2664caa7&partnertype=b2b","msg":"request","time":"2019-06-09T07:53:03.381Z","v":0}
{"name":"mlyapi","hostname":"TalatMacPro","pid":47426,"req_id":"3fd7f25d-7b94-4c3d-8110-de03410a5172","level":20,"user":{"username":"admin@mly.com","name":"admin","role":"admin"},"body":{},"url":"/roles","msg":"request","time":"2019-06-09T07:53:03.419Z","v":0}
{"name":"mlyapi","hostname":"TalatMacPro","pid":47426,"req_id":"d670e96b-f8bf-43f8-8410-3080013f1f76","level":20,"user":{"username":"admin@mly.com","name":"admin","role":"admin"},"body":{},"url":"/getordercount?&fromdate=2019-06-08T20:00:00.000Z","msg":"request","time":"2019-06-09T07:53:03.610Z","v":0}
{"name":"mlyapi","hostname":"TalatMacPro","pid":47426,"req_id":"37cc5b03-2338-4704-94e3-bbee0b1c1b7b","level":20,"user":{"username":"admin@mly.com","name":"admin","role":"admin"},"body":{},"url":"/roles","msg":"request","time":"2019-06-09T07:53:42.105Z","v":0}
{"name":"mlyapi","hostname":"TalatMacPro","pid":47426,"req_id":"452c62df-c430-4daf-8fa6-d450c89f85ae","level":20,"user":{"username":"admin@mly.com","name":"admin","role":"admin"},"body":{},"url":"/specialneed","msg":"request","time":"2019-06-09T07:53:42.262Z","v":0}
{"name":"mlyapi","hostname":"TalatMacPro","pid":47426,"req_id":"89dc13a1-7184-4b87-ba48-69ab94ca2c95","level":20,"user":{"username":"admin@mly.com","name":"admin","role":"admin"},"body":{},"url":"/partners?&provider_id=566a9debe57b2bad2664caa7&partnertype=b2b","msg":"request","time":"2019-06-09T07:53:42.263Z","v":0}
{"name":"mlyapi","hostname":"TalatMacPro","pid":47426,"req_id":"cfec07cc-3651-421f-93a8-2b2700d9a02c","level":20,"user":{"username":"admin@mly.com","name":"admin","role":"admin"},"body":{},"url":"/roles","msg":"request","time":"2019-06-09T07:53:42.345Z","v":0}
{"name":"mlyapi","hostname":"TalatMacPro","pid":47426,"req_id":"58b6f6fb-508b-4756-bd4f-62029550ae65","level":20,"user":{"username":"admin@mly.com","name":"admin","role":"admin"},"body":{},"url":"/roles","msg":"request","time":"2019-06-09T07:53:43.858Z","v":0}
{"name":"mlyapi","hostname":"TalatMacPro","pid":47426,"req_id":"b80019f8-f50d-40e6-8f01-10260ef9bb87","level":20,"user":{"username":"admin@mly.com","name":"admin","role":"admin"},"body":{},"url":"/partners?","msg":"request","time":"2019-06-09T07:53:43.871Z","v":0}
{"name":"mlyapi","hostname":"TalatMacPro","pid":47426,"req_id":"07cbbe8c-be73-47f5-a821-552fac7b0c31","level":20,"user":{"username":"admin@mly.com","name":"admin","role":"admin"},"body":{},"url":"/roles","msg":"request","time":"2019-06-09T07:53:43.984Z","v":0}
{"name":"mlyapi","hostname":"TalatMacPro","pid":47426,"req_id":"19ef5491-2b90-46d5-8dd0-3d40bbc96061","level":20,"user":{"username":"admin@mly.com","name":"admin","role":"admin"},"body":{},"url":"/getordercount?&fromdate=2019-06-08T20:00:00.000Z","msg":"request","time":"2019-06-09T07:53:44.050Z","v":0}
{"name":"mlyapi","hostname":"TalatMacPro","pid":47426,"req_id":"8d537925-66d0-4bbe-88b1-d21adb274668","level":20,"user":{"username":"admin@mly.com","name":"admin","role":"admin"},"body":{},"url":"/clients?page=1&limit=20&clientsearch=123&partner_id=56fe2d9d4282c7e4006c2215&","msg":"request","time":"2019-06-09T07:53:50.592Z","v":0}
{"name":"mlyapi","hostname":"TalatMacPro","pid":47426,"req_id":"558cddd5-75c9-46ca-a760-1241597b5150","level":20,"user":{"username":"admin@mly.com","name":"admin","role":"admin"},"body":{},"url":"/areas?&type=MA&page=1&limit=20","msg":"request","time":"2019-06-09T07:54:06.957Z","v":0}
{"name":"mlyapi","hostname":"TalatMacPro","pid":47426,"req_id":"f3b56139-fd97-4f95-8859-3acd06f35708","level":20,"user":{"username":"admin@mly.com","name":"admin","role":"admin"},"body":{},"url":"/areas/5714d59c17f626e5002a7dac","msg":"request","time":"2019-06-09T07:54:08.573Z","v":0}
{"name":"mlyapi","hostname":"TalatMacPro","pid":47426,"req_id":"b849b168-63c9-49aa-ba1d-effa0ff43c90","level":20,"user":{"username":"admin@mly.com","name":"admin","role":"admin"},"body":{},"url":"/cities","msg":"request","time":"2019-06-09T07:54:08.580Z","v":0}
{"name":"mlyapi","hostname":"TalatMacPro","pid":47426,"req_id":"38fa94cf-2e01-4972-815f-7260a20bf54a","level":20,"user":{"username":"admin@mly.com","name":"admin","role":"admin"},"body":{},"url":"/cities","msg":"request","time":"2019-06-09T08:14:08.387Z","v":0}
{"name":"mlyapi","hostname":"TalatMacPro","pid":47426,"req_id":"895d3e05-ab96-468b-9d1f-6333bee262a9","level":20,"user":{"username":"admin@mly.com","name":"admin","role":"admin"},"body":{},"url":"/roles","msg":"request","time":"2019-06-09T08:14:08.401Z","v":0}
{"name":"mlyapi","hostname":"TalatMacPro","pid":47426,"req_id":"6cb51339-f1a0-4f82-b5bc-765e9b3134a7","level":20,"user":{"username":"admin@mly.com","name":"admin","role":"admin"},"body":{},"url":"/areas/5714d59c17f626e5002a7dac","msg":"request","time":"2019-06-09T08:14:08.402Z","v":0}
{"name":"mlyapi","hostname":"TalatMacPro","pid":47426,"req_id":"a8b81801-fc05-4500-b5c2-02ea3b63330a","level":20,"user":{"username":"admin@mly.com","name":"admin","role":"admin"},"body":{},"url":"/roles","msg":"request","time":"2019-06-09T08:14:08.508Z","v":0}
{"name":"mlyapi","hostname":"TalatMacPro","pid":47426,"req_id":"b633d0b4-f89e-472c-b87a-5bd0a1bb6f24","level":20,"user":{"username":"admin@mly.com","name":"admin","role":"admin"},"body":{},"url":"/roles","msg":"request","time":"2019-06-09T08:14:09.454Z","v":0}
{"name":"mlyapi","hostname":"TalatMacPro","pid":47426,"req_id":"cc62ad23-854d-483b-b2db-3215f294bad6","level":20,"user":{"username":"admin@mly.com","name":"admin","role":"admin"},"body":{},"url":"/partners?&provider_id=566a9debe57b2bad2664caa7&partnertype=b2b","msg":"request","time":"2019-06-09T08:14:09.475Z","v":0}
{"name":"mlyapi","hostname":"TalatMacPro","pid":47426,"req_id":"89c006b1-aadf-40fe-bed5-a9c44c350397","level":20,"user":{"username":"admin@mly.com","name":"admin","role":"admin"},"body":{},"url":"/specialneed","msg":"request","time":"2019-06-09T08:14:09.481Z","v":0}
{"name":"mlyapi","hostname":"TalatMacPro","pid":47426,"req_id":"d4afe930-226b-4f7c-b516-95e17c1dfe88","level":20,"user":{"username":"admin@mly.com","name":"admin","role":"admin"},"body":{},"url":"/roles","msg":"request","time":"2019-06-09T08:14:09.695Z","v":0}
{"name":"mlyapi","hostname":"TalatMacPro","pid":47426,"req_id":"0422e7ff-f6d9-4bc1-99eb-6e0690ed7c03","level":20,"user":{"username":"admin@mly.com","name":"admin","role":"admin"},"body":{},"url":"/roles","msg":"request","time":"2019-06-09T08:14:40.569Z","v":0}
{"name":"mlyapi","hostname":"TalatMacPro","pid":47426,"req_id":"5edf03ba-9702-4c0b-ac90-40ee9bf21efd","level":20,"user":{"username":"admin@mly.com","name":"admin","role":"admin"},"body":{},"url":"/partners?&provider_id=566a9debe57b2bad2664caa7&partnertype=b2b","msg":"request","time":"2019-06-09T08:14:40.614Z","v":0}
{"name":"mlyapi","hostname":"TalatMacPro","pid":47426,"req_id":"576cc111-b365-4a44-8e09-6e4f60213b21","level":20,"user":{"username":"admin@mly.com","name":"admin","role":"admin"},"body":{},"url":"/specialneed","msg":"request","time":"2019-06-09T08:14:40.615Z","v":0}
{"name":"mlyapi","hostname":"TalatMacPro","pid":47426,"req_id":"d303cfb4-dca2-4576-b4b1-eb4933853487","level":20,"user":{"username":"admin@mly.com","name":"admin","role":"admin"},"body":{},"url":"/roles","msg":"request","time":"2019-06-09T08:14:40.898Z","v":0}
{"name":"mlyapi","hostname":"TalatMacPro","pid":47426,"req_id":"0e8c27bd-e3a2-49c9-9b71-e698d4df2793","level":20,"user":{"username":"admin@mly.com","name":"admin","role":"admin"},"body":{},"url":"/clients?page=1&limit=20&clientsearch=123&partner_id=56fe2d9d4282c7e4006c2215&","msg":"request","time":"2019-06-09T08:14:52.528Z","v":0}
{"name":"mlyapi","hostname":"TalatMacPro","pid":47426,"req_id":"2c5974b2-f5e8-44de-ad8e-969a11c8b76a","level":20,"user":{"username":"admin@mly.com","name":"admin","role":"admin"},"body":{},"url":"/roles","msg":"request","time":"2019-06-09T08:15:00.310Z","v":0}
{"name":"mlyapi","hostname":"TalatMacPro","pid":47426,"req_id":"6e26929d-76c4-4cb5-b95f-d0134f4b274d","level":20,"user":{"username":"admin@mly.com","name":"admin","role":"admin"},"body":{},"url":"/areas/5714d59c17f626e5002a7dac","msg":"request","time":"2019-06-09T08:15:00.325Z","v":0}
{"name":"mlyapi","hostname":"TalatMacPro","pid":47426,"req_id":"c4222272-237d-4d3f-b05a-b5904ee3f062","level":20,"user":{"username":"admin@mly.com","name":"admin","role":"admin"},"body":{},"url":"/cities","msg":"request","time":"2019-06-09T08:15:00.326Z","v":0}
{"name":"mlyapi","hostname":"TalatMacPro","pid":47426,"req_id":"bf88b609-46ec-4651-865c-4841e9c388b5","level":20,"user":{"username":"admin@mly.com","name":"admin","role":"admin"},"body":{},"url":"/roles","msg":"request","time":"2019-06-09T08:15:00.402Z","v":0}
{"name":"mlyapi","hostname":"TalatMacPro","pid":47426,"req_id":"40b0b71d-88e0-4a27-93d5-9e3324bac4e3","level":20,"user":{"username":"admin@mly.com","name":"admin","role":"admin"},"body":{},"url":"/roles","msg":"request","time":"2019-06-09T08:17:05.796Z","v":0}
{"name":"mlyapi","hostname":"TalatMacPro","pid":47426,"req_id":"a89bdb5f-e3d3-428f-b0e9-e79c6b0d2a83","level":20,"user":{"username":"admin@mly.com","name":"admin","role":"admin"},"body":{},"url":"/partners?&provider_id=566a9debe57b2bad2664caa7&partnertype=b2b","msg":"request","time":"2019-06-09T08:17:05.797Z","v":0}
{"name":"mlyapi","hostname":"TalatMacPro","pid":47426,"req_id":"0aa5d14f-6547-40cb-b975-d498163fe268","level":20,"user":{"username":"admin@mly.com","name":"admin","role":"admin"},"body":{},"url":"/specialneed","msg":"request","time":"2019-06-09T08:17:05.803Z","v":0}
{"name":"mlyapi","hostname":"TalatMacPro","pid":47426,"req_id":"c276df20-c621-4400-bb88-cb8ec6e68a88","level":20,"user":{"username":"admin@mly.com","name":"admin","role":"admin"},"body":{},"url":"/roles","msg":"request","time":"2019-06-09T08:17:05.973Z","v":0}
{"name":"mlyapi","hostname":"TalatMacPro","pid":47426,"req_id":"a1fc04f1-abde-4e42-9def-22ba1638b842","level":20,"user":{"username":"admin@mly.com","name":"admin","role":"admin"},"body":{},"url":"/roles","msg":"request","time":"2019-06-09T08:17:07.305Z","v":0}
{"name":"mlyapi","hostname":"TalatMacPro","pid":47426,"req_id":"cdd265db-65b0-4287-87a4-047412beea42","level":20,"user":{"username":"admin@mly.com","name":"admin","role":"admin"},"body":{},"url":"/cities","msg":"request","time":"2019-06-09T08:17:07.328Z","v":0}
{"name":"mlyapi","hostname":"TalatMacPro","pid":47426,"req_id":"55505447-9889-4e52-b872-2476e2b608ec","level":20,"user":{"username":"admin@mly.com","name":"admin","role":"admin"},"body":{},"url":"/areas/5714d59c17f626e5002a7dac","msg":"request","time":"2019-06-09T08:17:07.335Z","v":0}
{"name":"mlyapi","hostname":"TalatMacPro","pid":47426,"req_id":"cbb20ff7-c699-4aa0-9055-0d7566907e64","level":20,"user":{"username":"admin@mly.com","name":"admin","role":"admin"},"body":{},"url":"/roles","msg":"request","time":"2019-06-09T08:17:07.435Z","v":0}
{"name":"mlyapi","hostname":"TalatMacPro","pid":47426,"req_id":"b5b0c0fc-00a8-48c7-b456-1574a2adace1","level":20,"user":{"username":"admin@mly.com","name":"admin","role":"admin"},"body":{},"url":"/clients?page=1&limit=20&clientsearch=123&partner_id=56fe2d9d4282c7e4006c2215&","msg":"request","time":"2019-06-09T08:17:12.415Z","v":0}
{"name":"mlyapi","hostname":"TalatMacPro","pid":47426,"req_id":"477b9b84-7c38-4098-8949-76aedf3628c6","level":20,"user":{"username":"admin@mly.com","name":"admin","role":"admin"},"body":{},"url":"/specialneed","msg":"request","time":"2019-06-09T08:19:00.098Z","v":0}
{"name":"mlyapi","hostname":"TalatMacPro","pid":47426,"req_id":"ebf7fa9f-3035-4088-ae2b-a0fb384bce03","level":20,"user":{"username":"admin@mly.com","name":"admin","role":"admin"},"body":{},"url":"/roles","msg":"request","time":"2019-06-09T08:19:00.113Z","v":0}
{"name":"mlyapi","hostname":"TalatMacPro","pid":47426,"req_id":"de79f485-cbb0-4569-9888-f1fb9c4a3343","level":20,"user":{"username":"admin@mly.com","name":"admin","role":"admin"},"body":{},"url":"/partners?&provider_id=566a9debe57b2bad2664caa7&partnertype=b2b","msg":"request","time":"2019-06-09T08:19:00.114Z","v":0}
